<?xml version="1.0" encoding="UTF-8"?>
<!-- Generated by org.testng.reporters.JUnitReportReporter -->
<testsuite skipped="0" hostname="DESKTOP-A93287H" name="test.NewAcctTest_XML" tests="1" failures="0" timestamp="28 Nov 2020 15:25:00 GMT" time="12.181" errors="0">
  <testcase name="login" time="12.181" classname="test.NewAcctTest_XML"/>
</testsuite> <!-- test.NewAcctTest_XML -->
